#
# There is insufficient memory for the Java Runtime Environment to continue.
# Native memory allocation (malloc) failed to allocate 32744 bytes for Chunk::new
# Possible reasons:
#   The system is out of physical RAM or swap space
#   The process is running with CompressedOops enabled, and the Java Heap may be blocking the growth of the native heap
# Possible solutions:
#   Reduce memory load on the system
#   Increase physical memory or swap space
#   Check if swap backing store is full
#   Decrease Java heap size (-Xmx/-Xms)
#   Decrease number of Java threads
#   Decrease Java thread stack sizes (-Xss)
#   Set larger code cache with -XX:ReservedCodeCacheSize=
#   JVM is running with Zero Based Compressed Oops mode in which the Java heap is
#     placed in the first 32GB address space. The Java Heap base address is the
#     maximum limit for the native heap growth. Please use -XX:HeapBaseMinAddress
#     to set the Java Heap base and to place the Java Heap above 32GB virtual address.
# This output file may be truncated or incomplete.
#
#  Out of Memory Error (arena.cpp:168), pid=75424, tid=74816
#
# JRE version: Java(TM) SE Runtime Environment (21.0.1+12) (build 21.0.1+12-LTS-29)
# Java VM: Java HotSpot(TM) 64-Bit Server VM (21.0.1+12-LTS-29, mixed mode, sharing, tiered, compressed oops, compressed class ptrs, g1 gc, windows-amd64)
# No core dump will be written. Minidumps are not enabled by default on client versions of Windows
#

---------------  S U M M A R Y ------------

Command Line: -javaagent:C:\Program Files\JetBrains\IntelliJ IDEA Community Edition 2023.2.3\lib\idea_rt.jar=54954:C:\Program Files\JetBrains\IntelliJ IDEA Community Edition 2023.2.3\bin -Dfile.encoding=UTF-8 -Dsun.stdout.encoding=UTF-8 -Dsun.stderr.encoding=UTF-8 com.retailbusiness.retail.business.RetailBusinessApplication

Host: 13th Gen Intel(R) Core(TM) i5-1340P, 16 cores, 15G,  Windows 11 , 64 bit Build 22621 (10.0.22621.3235)
Time: Thu Apr 18 09:05:00 2024 India Standard Time elapsed time: 184.265319 seconds (0d 0h 3m 4s)

---------------  T H R E A D  ---------------

Current thread (0x00000206577ab3f0):  JavaThread "C2 CompilerThread4" daemon [_thread_in_native, id=74816, stack(0x00000078a6600000,0x00000078a6700000) (1024K)]


Current CompileTask:
C2: 184265 5753       4       org.springframework.boot.context.properties.source.DefaultPropertyMapper::map (53 bytes)

Stack: [0x00000078a6600000,0x00000078a6700000]
Native frames: (J=compiled Java code, j=interpreted, Vv=VM code, C=native code)
V  [jvm.dll+0x6c9029]
V  [jvm.dll+0x854b81]
V  [jvm.dll+0x856e5e]
V  [jvm.dll+0x857543]
V  [jvm.dll+0x280c06]
V  [jvm.dll+0xc3ead]
V  [jvm.dll+0xc43c3]
V  [jvm.dll+0xc3fd5]
V  [jvm.dll+0x83cffc]
V  [jvm.dll+0x5e5048]
V  [jvm.dll+0x5e10d1]
V  [jvm.dll+0x5e20fe]
V  [jvm.dll+0x5e327f]
V  [jvm.dll+0x5e2e79]
V  [jvm.dll+0x5e2640]
V  [jvm.dll+0x5e2654]
V  [jvm.dll+0x5e2654]
V  [jvm.dll+0x5e2654]
V  [jvm.dll+0x5e2654]
V  [jvm.dll+0x5e2654]
V  [jvm.dll+0x5e2654]
V  [jvm.dll+0x5f47d5]
V  [jvm.dll+0x252bef]
V  [jvm.dll+0x24b431]
V  [jvm.dll+0x248fa3]
V  [jvm.dll+0x1c9ca1]
V  [jvm.dll+0x2586b9]
V  [jvm.dll+0x256c9a]
V  [jvm.dll+0x3ef1b6]
V  [jvm.dll+0x7fd728]
V  [jvm.dll+0x6c777d]
C  [ucrtbase.dll+0x29363]
C  [KERNEL32.DLL+0x1257d]
C  [ntdll.dll+0x5aa58]


---------------  P R O C E S S  ---------------

Threads class SMR info:
_java_thread_list=0x000002065643cd70, length=25, elements={
0x000002060f852b40, 0x000002060f853860, 0x000002060f855a20, 0x000002060f856910,
0x000002060f857980, 0x000002060f858510, 0x000002060f8623f0, 0x000002060f8664c0,
0x000002060f81c3b0, 0x000002060fdb72f0, 0x0000020655078030, 0x0000020656057da0,
0x0000020658315480, 0x00000206583133b0, 0x0000020658317550, 0x00000206577aa650,
0x00000206583161a0, 0x0000020658318270, 0x00000206577abac0, 0x00000206577ac190,
0x00000206577a98b0, 0x00000206577ab3f0, 0x00000206577ac860, 0x00000206577a9f80,
0x00000206577aad20
}

Java Threads: ( => current thread )
  0x000002060f852b40 JavaThread "Reference Handler"          daemon [_thread_blocked, id=73820, stack(0x00000078a5100000,0x00000078a5200000) (1024K)]
  0x000002060f853860 JavaThread "Finalizer"                  daemon [_thread_blocked, id=39472, stack(0x00000078a5200000,0x00000078a5300000) (1024K)]
  0x000002060f855a20 JavaThread "Signal Dispatcher"          daemon [_thread_blocked, id=74584, stack(0x00000078a5300000,0x00000078a5400000) (1024K)]
  0x000002060f856910 JavaThread "Attach Listener"            daemon [_thread_blocked, id=72564, stack(0x00000078a5400000,0x00000078a5500000) (1024K)]
  0x000002060f857980 JavaThread "Service Thread"             daemon [_thread_blocked, id=68604, stack(0x00000078a5500000,0x00000078a5600000) (1024K)]
  0x000002060f858510 JavaThread "Monitor Deflation Thread"   daemon [_thread_blocked, id=69176, stack(0x00000078a5600000,0x00000078a5700000) (1024K)]
  0x000002060f8623f0 JavaThread "C2 CompilerThread0"         daemon [_thread_in_native, id=70372, stack(0x00000078a5700000,0x00000078a5800000) (1024K)]
  0x000002060f8664c0 JavaThread "C1 CompilerThread0"         daemon [_thread_in_vm, id=69860, stack(0x00000078a5800000,0x00000078a5900000) (1024K)]
  0x000002060f81c3b0 JavaThread "Common-Cleaner"             daemon [_thread_blocked, id=72856, stack(0x00000078a5900000,0x00000078a5a00000) (1024K)]
  0x000002060fdb72f0 JavaThread "Monitor Ctrl-Break"         daemon [_thread_in_native, id=50768, stack(0x00000078a5d00000,0x00000078a5e00000) (1024K)]
  0x0000020655078030 JavaThread "Notification Thread"        daemon [_thread_blocked, id=72636, stack(0x00000078a5e00000,0x00000078a5f00000) (1024K)]
  0x0000020656057da0 JavaThread "Live Reload Server"         daemon [_thread_in_native, id=70288, stack(0x00000078a7600000,0x00000078a7700000) (1024K)]
  0x0000020658315480 JavaThread "DestroyJavaVM"                     [_thread_blocked, id=71028, stack(0x00000078a4900000,0x00000078a4a00000) (1024K)]
  0x00000206583133b0 JavaThread "mysql-cj-abandoned-connection-cleanup" daemon [_thread_blocked, id=75208, stack(0x00000078a4800000,0x00000078a4900000) (1024K)]
  0x0000020658317550 JavaThread "Thread-11"                         [_thread_blocked, id=75496, stack(0x00000078a4600000,0x00000078a4700000) (1024K)]
  0x00000206577aa650 JavaThread "C1 CompilerThread1"         daemon [_thread_in_native, id=75148, stack(0x00000078a5c00000,0x00000078a5d00000) (1024K)]
  0x00000206583161a0 JavaThread "File Watcher"               daemon [_thread_blocked, id=68008, stack(0x00000078a5b00000,0x00000078a5c00000) (1024K)]
  0x0000020658318270 JavaThread "restartedMain"                     [_thread_in_native, id=61996, stack(0x00000078a7100000,0x00000078a7200000) (1024K)]
  0x00000206577abac0 JavaThread "C2 CompilerThread1"         daemon [_thread_in_native, id=76356, stack(0x00000078a5a00000,0x00000078a5b00000) (1024K)]
  0x00000206577ac190 JavaThread "C2 CompilerThread2"         daemon [_thread_in_native, id=70560, stack(0x00000078a5f00000,0x00000078a6000000) (1024K)]
  0x00000206577a98b0 JavaThread "C2 CompilerThread3"         daemon [_thread_in_native, id=59780, stack(0x00000078a6000000,0x00000078a6100000) (1024K)]
=>0x00000206577ab3f0 JavaThread "C2 CompilerThread4"         daemon [_thread_in_native, id=74816, stack(0x00000078a6600000,0x00000078a6700000) (1024K)]
  0x00000206577ac860 JavaThread "C2 CompilerThread5"         daemon [_thread_in_native, id=76072, stack(0x00000078a6700000,0x00000078a6800000) (1024K)]
  0x00000206577a9f80 JavaThread "C2 CompilerThread6"         daemon [_thread_in_native, id=75648, stack(0x00000078a7200000,0x00000078a7300000) (1024K)]
  0x00000206577aad20 JavaThread "C2 CompilerThread7"         daemon [_thread_in_native, id=71256, stack(0x00000078a7300000,0x00000078a7400000) (1024K)]
Total: 25

Other Threads:
  0x000002060f830490 VMThread "VM Thread"                           [id=67380, stack(0x00000078a5000000,0x00000078a5100000) (1024K)]
  0x000002060f81b580 WatcherThread "VM Periodic Task Thread"        [id=76484, stack(0x00000078a4f00000,0x00000078a5000000) (1024K)]
  0x000002066fcfd970 WorkerThread "GC Thread#0"                     [id=67188, stack(0x00000078a4a00000,0x00000078a4b00000) (1024K)]
  0x00000206554c0b60 WorkerThread "GC Thread#1"                     [id=68736, stack(0x00000078a6100000,0x00000078a6200000) (1024K)]
  0x0000020655735210 WorkerThread "GC Thread#2"                     [id=66948, stack(0x00000078a6200000,0x00000078a6300000) (1024K)]
  0x00000206558f97d0 WorkerThread "GC Thread#3"                     [id=50344, stack(0x00000078a6300000,0x00000078a6400000) (1024K)]
  0x00000206558f9b70 WorkerThread "GC Thread#4"                     [id=60832, stack(0x00000078a6400000,0x00000078a6500000) (1024K)]
  0x00000206558f9f10 WorkerThread "GC Thread#5"                     [id=61800, stack(0x00000078a6500000,0x00000078a6600000) (1024K)]
  0x0000020655d5d130 WorkerThread "GC Thread#6"                     [id=68276, stack(0x00000078a6900000,0x00000078a6a00000) (1024K)]
  0x0000020655d7e520 WorkerThread "GC Thread#7"                     [id=74072, stack(0x00000078a6a00000,0x00000078a6b00000) (1024K)]
  0x0000020655de01a0 WorkerThread "GC Thread#8"                     [id=67740, stack(0x00000078a6b00000,0x00000078a6c00000) (1024K)]
  0x0000020655de0540 WorkerThread "GC Thread#9"                     [id=51732, stack(0x00000078a6c00000,0x00000078a6d00000) (1024K)]
  0x0000020655ddfa60 WorkerThread "GC Thread#10"                    [id=75156, stack(0x00000078a6800000,0x00000078a6900000) (1024K)]
  0x0000020655ddfe00 WorkerThread "GC Thread#11"                    [id=75036, stack(0x00000078a6d00000,0x00000078a6e00000) (1024K)]
  0x000002065800c3c0 WorkerThread "GC Thread#12"                    [id=69940, stack(0x00000078a6e00000,0x00000078a6f00000) (1024K)]
  0x000002066fd0e480 ConcurrentGCThread "G1 Main Marker"            [id=67468, stack(0x00000078a4b00000,0x00000078a4c00000) (1024K)]
  0x000002066fd0ee80 WorkerThread "G1 Conc#0"                       [id=71740, stack(0x00000078a4c00000,0x00000078a4d00000) (1024K)]
  0x000002065800dd20 WorkerThread "G1 Conc#1"                       [id=75356, stack(0x00000078a6f00000,0x00000078a7000000) (1024K)]
  0x000002065800c020 WorkerThread "G1 Conc#2"                       [id=66068, stack(0x00000078a7000000,0x00000078a7100000) (1024K)]
  0x000002060f6ee830 ConcurrentGCThread "G1 Refine#0"               [id=69160, stack(0x00000078a4d00000,0x00000078a4e00000) (1024K)]
  0x000002060f6ef2a0 ConcurrentGCThread "G1 Service"                [id=69240, stack(0x00000078a4e00000,0x00000078a4f00000) (1024K)]
Total: 21

Threads with active compile tasks:
C2 CompilerThread0   184278 5799       4       org.springframework.core.annotation.TypeMappedAnnotation::<init> (112 bytes)
C1 CompilerThread0   184278 5887       1       java.beans.PropertyChangeEvent::getPropertyName (5 bytes)
C2 CompilerThread1   184278 5752   !   4       org.springframework.boot.context.properties.source.SpringConfigurationPropertySource::getConfigurationProperty (119 bytes)
C2 CompilerThread2   184278 5809       4       org.springframework.core.type.AnnotatedTypeMetadata::getAnnotationAttributes (40 bytes)
C2 CompilerThread3   184278 5827       4       org.springframework.core.annotation.MergedAnnotationsCollection::find (169 bytes)
C2 CompilerThread4   184278 5753       4       org.springframework.boot.context.properties.source.DefaultPropertyMapper::map (53 bytes)
C2 CompilerThread5   184278 5824       4       org.springframework.core.annotation.MergedAnnotationsCollection::get (23 bytes)
C2 CompilerThread6   184278 5833       4       org.springframework.core.annotation.MergedAnnotationsCollection::isPresent (136 bytes)
C2 CompilerThread7   184278 5866       4       org.springframework.beans.factory.annotation.InitDestroyAnnotationBeanPostProcessor::lambda$buildLifecycleMetadata$1 (201 bytes)
Total: 9

VM state: not at safepoint (normal execution)

VM Mutex/Monitor currently owned by a thread: None

Heap address: 0x0000000705800000, size: 4008 MB, Compressed Oops mode: Zero based, Oop shift amount: 3

CDS archive(s) mapped at: [0x0000020610000000-0x0000020610c90000-0x0000020610c90000), size 13172736, SharedBaseAddress: 0x0000020610000000, ArchiveRelocationMode: 1.
Compressed class space mapped at: 0x0000020611000000-0x0000020651000000, reserved size: 1073741824
Narrow klass base: 0x0000020610000000, Narrow klass shift: 0, Narrow klass range: 0x100000000

GC Precious Log:
 CardTable entry size: 512
 Card Set container configuration: InlinePtr #cards 4 size 8 Array Of Cards #cards 16 size 48 Howl #buckets 8 coarsen threshold 3686 Howl Bitmap #cards 512 size 80 coarsen threshold 460 Card regions per heap region 1 cards per card region 4096
 CPUs: 16 total, 16 available
 Memory: 16024M
 Large Page Support: Disabled
 NUMA Support: Disabled
 Compressed Oops: Enabled (Zero based)
 Heap Region Size: 2M
 Heap Min Capacity: 8M
 Heap Initial Capacity: 252M
 Heap Max Capacity: 4008M
 Pre-touch: Disabled
 Parallel Workers: 13
 Concurrent Workers: 3
 Concurrent Refinement Workers: 13
 Periodic GC: Disabled

Heap:
 garbage-first heap   total 61440K, used 26409K [0x0000000705800000, 0x0000000800000000)
  region size 2048K, 8 young (16384K), 2 survivors (4096K)
 Metaspace       used 32245K, committed 32832K, reserved 1114112K
  class space    used 3954K, committed 4224K, reserved 1048576K

Heap Regions: E=young(eden), S=young(survivor), O=old, HS=humongous(starts), HC=humongous(continues), CS=collection set, F=free, TAMS=top-at-mark-start, PB=parsable bottom
|   0|0x0000000705800000, 0x0000000705a00000, 0x0000000705a00000|100%| O|  |TAMS 0x0000000705800000| PB 0x0000000705800000| Untracked 
|   1|0x0000000705a00000, 0x0000000705bfffd8, 0x0000000705c00000| 99%| O|  |TAMS 0x0000000705a00000| PB 0x0000000705a00000| Untracked 
|   2|0x0000000705c00000, 0x0000000705e00000, 0x0000000705e00000|100%| O|  |TAMS 0x0000000705c00000| PB 0x0000000705c00000| Untracked 
|   3|0x0000000705e00000, 0x0000000705febe68, 0x0000000706000000| 96%| O|  |TAMS 0x0000000705e00000| PB 0x0000000705e00000| Untracked 
|   4|0x0000000706000000, 0x00000007061ffff0, 0x0000000706200000| 99%| O|  |TAMS 0x0000000706000000| PB 0x0000000706000000| Untracked 
|   5|0x0000000706200000, 0x00000007063ffff0, 0x0000000706400000| 99%| O|  |TAMS 0x0000000706200000| PB 0x0000000706200000| Untracked 
|   6|0x0000000706400000, 0x00000007065ffff8, 0x0000000706600000| 99%| O|  |TAMS 0x0000000706400000| PB 0x0000000706400000| Untracked 
|   7|0x0000000706600000, 0x0000000706781800, 0x0000000706800000| 75%| O|  |TAMS 0x0000000706600000| PB 0x0000000706600000| Untracked 
|   8|0x0000000706800000, 0x0000000706828fa8, 0x0000000706a00000|  8%| O|  |TAMS 0x0000000706800000| PB 0x0000000706800000| Untracked 
|   9|0x0000000706a00000, 0x0000000706a00000, 0x0000000706c00000|  0%| F|  |TAMS 0x0000000706a00000| PB 0x0000000706a00000| Untracked 
|  10|0x0000000706c00000, 0x0000000706c00000, 0x0000000706e00000|  0%| F|  |TAMS 0x0000000706c00000| PB 0x0000000706c00000| Untracked 
|  11|0x0000000706e00000, 0x0000000706e00000, 0x0000000707000000|  0%| F|  |TAMS 0x0000000706e00000| PB 0x0000000706e00000| Untracked 
|  12|0x0000000707000000, 0x0000000707000000, 0x0000000707200000|  0%| F|  |TAMS 0x0000000707000000| PB 0x0000000707000000| Untracked 
|  13|0x0000000707200000, 0x0000000707234080, 0x0000000707400000| 10%| S|CS|TAMS 0x0000000707200000| PB 0x0000000707200000| Complete 
|  14|0x0000000707400000, 0x0000000707600000, 0x0000000707600000|100%| S|CS|TAMS 0x0000000707400000| PB 0x0000000707400000| Complete 
|  15|0x0000000707600000, 0x0000000707600000, 0x0000000707800000|  0%| F|  |TAMS 0x0000000707600000| PB 0x0000000707600000| Untracked 
|  16|0x0000000707800000, 0x0000000707800000, 0x0000000707a00000|  0%| F|  |TAMS 0x0000000707800000| PB 0x0000000707800000| Untracked 
|  17|0x0000000707a00000, 0x0000000707a00000, 0x0000000707c00000|  0%| F|  |TAMS 0x0000000707a00000| PB 0x0000000707a00000| Untracked 
|  18|0x0000000707c00000, 0x0000000707c00000, 0x0000000707e00000|  0%| F|  |TAMS 0x0000000707c00000| PB 0x0000000707c00000| Untracked 
|  19|0x0000000707e00000, 0x0000000707e00000, 0x0000000708000000|  0%| F|  |TAMS 0x0000000707e00000| PB 0x0000000707e00000| Untracked 
|  20|0x0000000708000000, 0x0000000708000000, 0x0000000708200000|  0%| F|  |TAMS 0x0000000708000000| PB 0x0000000708000000| Untracked 
|  21|0x0000000708200000, 0x0000000708200000, 0x0000000708400000|  0%| F|  |TAMS 0x0000000708200000| PB 0x0000000708200000| Untracked 
|  22|0x0000000708400000, 0x0000000708400000, 0x0000000708600000|  0%| F|  |TAMS 0x0000000708400000| PB 0x0000000708400000| Untracked 
|  23|0x0000000708600000, 0x0000000708600000, 0x0000000708800000|  0%| F|  |TAMS 0x0000000708600000| PB 0x0000000708600000| Untracked 
|  24|0x0000000708800000, 0x000000070899ec78, 0x0000000708a00000| 81%| E|  |TAMS 0x0000000708800000| PB 0x0000000708800000| Complete 
|  25|0x0000000708a00000, 0x0000000708c00000, 0x0000000708c00000|100%| E|  |TAMS 0x0000000708a00000| PB 0x0000000708a00000| Complete 
|  26|0x0000000708c00000, 0x0000000708e00000, 0x0000000708e00000|100%| E|CS|TAMS 0x0000000708c00000| PB 0x0000000708c00000| Complete 
|  27|0x0000000708e00000, 0x0000000709000000, 0x0000000709000000|100%| E|CS|TAMS 0x0000000708e00000| PB 0x0000000708e00000| Complete 
|  28|0x0000000709000000, 0x0000000709200000, 0x0000000709200000|100%| E|CS|TAMS 0x0000000709000000| PB 0x0000000709000000| Complete 
|  29|0x0000000709200000, 0x0000000709400000, 0x0000000709400000|100%| E|CS|TAMS 0x0000000709200000| PB 0x0000000709200000| Complete 

Card table byte_map: [0x0000020679140000,0x0000020679920000] _byte_map_base: 0x0000020675914000

Marking Bits: (CMBitMap*) 0x000002066fcfdf70
 Bits: [0x0000020679920000, 0x000002067d7c0000)

Polling page: 0x000002066dc00000

Metaspace:

Usage:
  Non-class:     27.63 MB used.
      Class:      3.86 MB used.
       Both:     31.49 MB used.

Virtual space:
  Non-class space:       64.00 MB reserved,      27.94 MB ( 44%) committed,  1 nodes.
      Class space:        1.00 GB reserved,       4.12 MB ( <1%) committed,  1 nodes.
             Both:        1.06 GB reserved,      32.06 MB (  3%) committed. 

Chunk freelists:
   Non-Class:  4.03 MB
       Class:  11.89 MB
        Both:  15.92 MB

MaxMetaspaceSize: unlimited
CompressedClassSpaceSize: 1.00 GB
Initial GC threshold: 21.00 MB
Current GC threshold: 52.81 MB
CDS: on
 - commit_granule_bytes: 65536.
 - commit_granule_words: 8192.
 - virtual_space_node_default_size: 8388608.
 - enlarge_chunks_in_place: 1.
 - use_allocation_guard: 0.


Internal statistics:

num_allocs_failed_limit: 3.
num_arena_births: 786.
num_arena_deaths: 4.
num_vsnodes_births: 2.
num_vsnodes_deaths: 0.
num_space_committed: 513.
num_space_uncommitted: 0.
num_chunks_returned_to_freelist: 7.
num_chunks_taken_from_freelist: 1999.
num_chunk_merges: 3.
num_chunk_splits: 1296.
num_chunks_enlarged: 874.
num_inconsistent_stats: 0.

CodeHeap 'non-profiled nmethods': size=119168Kb used=2906Kb max_used=2943Kb free=116261Kb
 bounds [0x0000020607ba0000, 0x0000020607e90000, 0x000002060f000000]
CodeHeap 'profiled nmethods': size=119104Kb used=10298Kb max_used=10675Kb free=108805Kb
 bounds [0x0000020600000000, 0x0000020600a70000, 0x0000020607450000]
CodeHeap 'non-nmethods': size=7488Kb used=2039Kb max_used=3272Kb free=5448Kb
 bounds [0x0000020607450000, 0x0000020607790000, 0x0000020607ba0000]
 total_blobs=5080 nmethods=4521 adapters=462
 compilation: enabled
              stopped_count=0, restarted_count=0
 full_count=0

Compilation events (20 events):
Event: 184.250 Thread 0x00000206577aa650 5871   !   3       org.springframework.beans.factory.annotation.AutowiredAnnotationBeanPostProcessor::determineCandidateConstructors (551 bytes)
Event: 184.251 Thread 0x00000206577a9f80 5833       4       org.springframework.core.annotation.MergedAnnotationsCollection::isPresent (136 bytes)
Event: 184.251 Thread 0x00000206577aad20 5866       4       org.springframework.beans.factory.annotation.InitDestroyAnnotationBeanPostProcessor::lambda$buildLifecycleMetadata$1 (201 bytes)
Event: 184.251 Thread 0x000002060f8664c0 5872   !   3       org.springframework.beans.factory.annotation.AutowiredAnnotationBeanPostProcessor::checkLookupMethods (80 bytes)
Event: 184.253 Thread 0x000002060f8664c0 nmethod 5872 0x0000020600533290 code [0x00000206005335a0, 0x0000020600534678]
Event: 184.254 Thread 0x000002060f8664c0 5860       3       java.beans.FeatureDescriptor::getWeakReference (17 bytes)
Event: 184.255 Thread 0x000002060f8664c0 nmethod 5860 0x0000020600644690 code [0x0000020600644860, 0x0000020600644cb0]
Event: 184.255 Thread 0x000002060f8664c0 5876       3       java.util.Arrays::sort (37 bytes)
Event: 184.256 Thread 0x000002060f8664c0 nmethod 5876 0x0000020600169090 code [0x0000020600169260, 0x0000020600169460]
Event: 184.256 Thread 0x000002060f8664c0 5874       3       org.springframework.beans.BeanWrapperImpl::<init> (6 bytes)
Event: 184.257 Thread 0x00000206577aa650 nmethod 5871 0x00000206000d2e90 code [0x00000206000d3460, 0x00000206000d6b58]
Event: 184.257 Thread 0x000002060f8664c0 nmethod 5874 0x0000020600153690 code [0x00000206001538e0, 0x0000020600154278]
Event: 184.258 Thread 0x000002060f8664c0 5877       1       org.springframework.boot.context.properties.bind.Binder$Context::getConfigurationProperty (5 bytes)
Event: 184.259 Thread 0x000002060f8664c0 nmethod 5877 0x0000020607c2e810 code [0x0000020607c2e9a0, 0x0000020607c2ea70]
Event: 184.259 Thread 0x000002060f8664c0 5875       3       org.springframework.beans.AbstractNestablePropertyAccessor::<init> (26 bytes)
Event: 184.260 Thread 0x00000206577aa650 5878       3       org.springframework.core.SerializableTypeWrapper$MethodInvokeTypeProvider::<init> (36 bytes)
Event: 184.260 Thread 0x000002060f8664c0 nmethod 5875 0x0000020600345090 code [0x0000020600345300, 0x0000020600345e00]
Event: 184.260 Thread 0x00000206577aa650 nmethod 5878 0x00000206000cd310 code [0x00000206000cd4c0, 0x00000206000cd800]
Event: 184.261 Thread 0x00000206577aa650 5873       3       org.springframework.beans.BeanUtils::findPrimaryConstructor (26 bytes)
Event: 184.261 Thread 0x00000206577aa650 nmethod 5873 0x000002060011ca10 code [0x000002060011cbe0, 0x000002060011cea8]

GC Heap History (20 events):
Event: 0.418 GC heap before
{Heap before GC invocations=0 (full 0):
 garbage-first heap   total 258048K, used 22528K [0x0000000705800000, 0x0000000800000000)
  region size 2048K, 11 young (22528K), 0 survivors (0K)
 Metaspace       used 4964K, committed 5248K, reserved 1114112K
  class space    used 545K, committed 704K, reserved 1048576K
}
Event: 0.421 GC heap after
{Heap after GC invocations=1 (full 0):
 garbage-first heap   total 258048K, used 6681K [0x0000000705800000, 0x0000000800000000)
  region size 2048K, 2 young (4096K), 2 survivors (4096K)
 Metaspace       used 4964K, committed 5248K, reserved 1114112K
  class space    used 545K, committed 704K, reserved 1048576K
}
Event: 0.825 GC heap before
{Heap before GC invocations=1 (full 0):
 garbage-first heap   total 258048K, used 31257K [0x0000000705800000, 0x0000000800000000)
  region size 2048K, 15 young (30720K), 2 survivors (4096K)
 Metaspace       used 11986K, committed 12224K, reserved 1114112K
  class space    used 1409K, committed 1536K, reserved 1048576K
}
Event: 0.829 GC heap after
{Heap after GC invocations=2 (full 0):
 garbage-first heap   total 258048K, used 8768K [0x0000000705800000, 0x0000000800000000)
  region size 2048K, 2 young (4096K), 2 survivors (4096K)
 Metaspace       used 11986K, committed 12224K, reserved 1114112K
  class space    used 1409K, committed 1536K, reserved 1048576K
}
Event: 1.515 GC heap before
{Heap before GC invocations=2 (full 0):
 garbage-first heap   total 258048K, used 59968K [0x0000000705800000, 0x0000000800000000)
  region size 2048K, 29 young (59392K), 2 survivors (4096K)
 Metaspace       used 21250K, committed 21504K, reserved 1114112K
  class space    used 2555K, committed 2688K, reserved 1048576K
}
Event: 1.519 GC heap after
{Heap after GC invocations=3 (full 0):
 garbage-first heap   total 258048K, used 13238K [0x0000000705800000, 0x0000000800000000)
  region size 2048K, 4 young (8192K), 4 survivors (8192K)
 Metaspace       used 21250K, committed 21504K, reserved 1114112K
  class space    used 2555K, committed 2688K, reserved 1048576K
}
Event: 2.161 GC heap before
{Heap before GC invocations=4 (full 0):
 garbage-first heap   total 61440K, used 58294K [0x0000000705800000, 0x0000000800000000)
  region size 2048K, 26 young (53248K), 4 survivors (8192K)
 Metaspace       used 29701K, committed 30272K, reserved 1114112K
  class space    used 3700K, committed 3968K, reserved 1048576K
}
Event: 2.167 GC heap after
{Heap after GC invocations=5 (full 0):
 garbage-first heap   total 73728K, used 18046K [0x0000000705800000, 0x0000000800000000)
  region size 2048K, 6 young (12288K), 6 survivors (12288K)
 Metaspace       used 29701K, committed 30272K, reserved 1114112K
  class space    used 3700K, committed 3968K, reserved 1048576K
}
Event: 130.766 GC heap before
{Heap before GC invocations=5 (full 0):
 garbage-first heap   total 73728K, used 32382K [0x0000000705800000, 0x0000000800000000)
  region size 2048K, 14 young (28672K), 6 survivors (12288K)
 Metaspace       used 31136K, committed 31680K, reserved 1114112K
  class space    used 3901K, committed 4160K, reserved 1048576K
}
Event: 130.786 GC heap after
{Heap after GC invocations=6 (full 1):
 garbage-first heap   total 61440K, used 15935K [0x0000000705800000, 0x0000000800000000)
  region size 2048K, 0 young (0K), 0 survivors (0K)
 Metaspace       used 31136K, committed 31680K, reserved 1114112K
  class space    used 3901K, committed 4160K, reserved 1048576K
}
Event: 131.088 GC heap before
{Heap before GC invocations=6 (full 1):
 garbage-first heap   total 61440K, used 42559K [0x0000000705800000, 0x0000000800000000)
  region size 2048K, 14 young (28672K), 0 survivors (0K)
 Metaspace       used 31453K, committed 32064K, reserved 1114112K
  class space    used 3903K, committed 4224K, reserved 1048576K
}
Event: 131.090 GC heap after
{Heap after GC invocations=7 (full 1):
 garbage-first heap   total 61440K, used 19676K [0x0000000705800000, 0x0000000800000000)
  region size 2048K, 2 young (4096K), 2 survivors (4096K)
 Metaspace       used 31453K, committed 32064K, reserved 1114112K
  class space    used 3903K, committed 4224K, reserved 1048576K
}
Event: 132.540 GC heap before
{Heap before GC invocations=7 (full 1):
 garbage-first heap   total 61440K, used 23772K [0x0000000705800000, 0x0000000800000000)
  region size 2048K, 5 young (10240K), 2 survivors (4096K)
 Metaspace       used 31522K, committed 32192K, reserved 1114112K
  class space    used 3905K, committed 4224K, reserved 1048576K
}
Event: 132.569 GC heap after
{Heap after GC invocations=8 (full 2):
 garbage-first heap   total 61440K, used 15913K [0x0000000705800000, 0x0000000800000000)
  region size 2048K, 0 young (0K), 0 survivors (0K)
 Metaspace       used 31519K, committed 32192K, reserved 1114112K
  class space    used 3904K, committed 4224K, reserved 1048576K
}
Event: 132.858 GC heap before
{Heap before GC invocations=8 (full 2):
 garbage-first heap   total 61440K, used 44585K [0x0000000705800000, 0x0000000800000000)
  region size 2048K, 15 young (30720K), 0 survivors (0K)
 Metaspace       used 31798K, committed 32448K, reserved 1114112K
  class space    used 3907K, committed 4224K, reserved 1048576K
}
Event: 132.859 GC heap after
{Heap after GC invocations=9 (full 2):
 garbage-first heap   total 61440K, used 19082K [0x0000000705800000, 0x0000000800000000)
  region size 2048K, 2 young (4096K), 2 survivors (4096K)
 Metaspace       used 31798K, committed 32448K, reserved 1114112K
  class space    used 3907K, committed 4224K, reserved 1048576K
}
Event: 182.458 GC heap before
{Heap before GC invocations=9 (full 2):
 garbage-first heap   total 61440K, used 21130K [0x0000000705800000, 0x0000000800000000)
  region size 2048K, 4 young (8192K), 2 survivors (4096K)
 Metaspace       used 31818K, committed 32448K, reserved 1114112K
  class space    used 3908K, committed 4224K, reserved 1048576K
}
Event: 182.479 GC heap after
{Heap after GC invocations=10 (full 3):
 garbage-first heap   total 61440K, used 15961K [0x0000000705800000, 0x0000000800000000)
  region size 2048K, 0 young (0K), 0 survivors (0K)
 Metaspace       used 31815K, committed 32448K, reserved 1114112K
  class space    used 3907K, committed 4224K, reserved 1048576K
}
Event: 184.193 GC heap before
{Heap before GC invocations=10 (full 3):
 garbage-first heap   total 61440K, used 44633K [0x0000000705800000, 0x0000000800000000)
  region size 2048K, 15 young (30720K), 0 survivors (0K)
 Metaspace       used 32198K, committed 32832K, reserved 1114112K
  class space    used 3953K, committed 4224K, reserved 1048576K
}
Event: 184.195 GC heap after
{Heap after GC invocations=11 (full 3):
 garbage-first heap   total 61440K, used 18217K [0x0000000705800000, 0x0000000800000000)
  region size 2048K, 2 young (4096K), 2 survivors (4096K)
 Metaspace       used 32198K, committed 32832K, reserved 1114112K
  class space    used 3953K, committed 4224K, reserved 1048576K
}

Dll operation events (14 events):
Event: 0.009 Loaded shared library C:\Program Files\Java\jdk-21\bin\java.dll
Event: 0.035 Loaded shared library C:\Program Files\Java\jdk-21\bin\jsvml.dll
Event: 0.109 Loaded shared library C:\Program Files\Java\jdk-21\bin\zip.dll
Event: 0.113 Loaded shared library C:\Program Files\Java\jdk-21\bin\instrument.dll
Event: 0.117 Loaded shared library C:\Program Files\Java\jdk-21\bin\net.dll
Event: 0.119 Loaded shared library C:\Program Files\Java\jdk-21\bin\nio.dll
Event: 0.121 Loaded shared library C:\Program Files\Java\jdk-21\bin\zip.dll
Event: 0.170 Loaded shared library C:\Program Files\JetBrains\IntelliJ IDEA Community Edition 2023.2.3\bin\breakgen64.dll
Event: 0.177 Loaded shared library C:\Program Files\Java\jdk-21\bin\extnet.dll
Event: 0.197 Loaded shared library C:\Program Files\Java\jdk-21\bin\jimage.dll
Event: 0.394 Loaded shared library C:\Program Files\Java\jdk-21\bin\management.dll
Event: 0.395 Loaded shared library C:\Program Files\Java\jdk-21\bin\management_ext.dll
Event: 0.805 Loaded shared library C:\Program Files\Java\jdk-21\bin\verify.dll
Event: 0.998 Loaded shared library C:\Program Files\Java\jdk-21\bin\sunmscapi.dll

Deoptimization events (20 events):
Event: 184.216 Thread 0x0000020658318270 Uncommon trap: trap_request=0xffffffbe fr.pc=0x0000020607c66a70 relative=0x00000000000011d0
Event: 184.216 Thread 0x0000020658318270 Uncommon trap: reason=profile_predicate action=maybe_recompile pc=0x0000020607c66a70 method=org.springframework.core.annotation.MergedAnnotationsCollection.find(Ljava/lang/Object;Ljava/util/function/Predicate;Lorg/springframework/core/annotation/MergedAnn
Event: 184.216 Thread 0x0000020658318270 DEOPT PACKING pc=0x0000020607c66a70 sp=0x00000078a71fdea0
Event: 184.216 Thread 0x0000020658318270 DEOPT UNPACKING pc=0x00000206074a46a2 sp=0x00000078a71fde40 mode 2
Event: 184.216 Thread 0x0000020658318270 Uncommon trap: trap_request=0xffffffbe fr.pc=0x0000020607d5b2f8 relative=0x0000000000000838
Event: 184.217 Thread 0x0000020658318270 Uncommon trap: reason=profile_predicate action=maybe_recompile pc=0x0000020607d5b2f8 method=org.springframework.core.annotation.MergedAnnotationsCollection.isPresent(Ljava/lang/Object;Z)Z @ 16 c2
Event: 184.217 Thread 0x0000020658318270 DEOPT PACKING pc=0x0000020607d5b2f8 sp=0x00000078a71fe070
Event: 184.217 Thread 0x0000020658318270 DEOPT UNPACKING pc=0x00000206074a46a2 sp=0x00000078a71fdff8 mode 2
Event: 184.217 Thread 0x0000020658318270 Uncommon trap: trap_request=0xffffffbe fr.pc=0x0000020607c66a70 relative=0x00000000000011d0
Event: 184.217 Thread 0x0000020658318270 Uncommon trap: reason=profile_predicate action=maybe_recompile pc=0x0000020607c66a70 method=org.springframework.core.annotation.MergedAnnotationsCollection.find(Ljava/lang/Object;Ljava/util/function/Predicate;Lorg/springframework/core/annotation/MergedAnn
Event: 184.217 Thread 0x0000020658318270 DEOPT PACKING pc=0x0000020607c66a70 sp=0x00000078a71fdea0
Event: 184.217 Thread 0x0000020658318270 DEOPT UNPACKING pc=0x00000206074a46a2 sp=0x00000078a71fde40 mode 2
Event: 184.217 Thread 0x0000020658318270 Uncommon trap: trap_request=0xffffffbe fr.pc=0x0000020607d5b2f8 relative=0x0000000000000838
Event: 184.217 Thread 0x0000020658318270 Uncommon trap: reason=profile_predicate action=maybe_recompile pc=0x0000020607d5b2f8 method=org.springframework.core.annotation.MergedAnnotationsCollection.isPresent(Ljava/lang/Object;Z)Z @ 16 c2
Event: 184.217 Thread 0x0000020658318270 DEOPT PACKING pc=0x0000020607d5b2f8 sp=0x00000078a71fe1f0
Event: 184.217 Thread 0x0000020658318270 DEOPT UNPACKING pc=0x00000206074a46a2 sp=0x00000078a71fe178 mode 2
Event: 184.217 Thread 0x0000020658318270 Uncommon trap: trap_request=0xffffffbe fr.pc=0x0000020607c66a70 relative=0x00000000000011d0
Event: 184.217 Thread 0x0000020658318270 Uncommon trap: reason=profile_predicate action=maybe_recompile pc=0x0000020607c66a70 method=org.springframework.core.annotation.MergedAnnotationsCollection.find(Ljava/lang/Object;Ljava/util/function/Predicate;Lorg/springframework/core/annotation/MergedAnn
Event: 184.217 Thread 0x0000020658318270 DEOPT PACKING pc=0x0000020607c66a70 sp=0x00000078a71fe020
Event: 184.217 Thread 0x0000020658318270 DEOPT UNPACKING pc=0x00000206074a46a2 sp=0x00000078a71fdfc0 mode 2

Classes loaded (20 events):
Event: 130.765 Loading class java/util/WeakHashMap$KeyIterator
Event: 130.765 Loading class java/util/WeakHashMap$HashIterator
Event: 130.765 Loading class java/util/WeakHashMap$HashIterator done
Event: 130.765 Loading class java/util/WeakHashMap$KeyIterator done
Event: 130.786 Loading class java/lang/ref/Finalizer$2
Event: 130.786 Loading class java/lang/ref/Finalizer$2 done
Event: 130.786 Loading class java/lang/ref/Finalizer$1
Event: 130.786 Loading class java/lang/ref/Finalizer$1 done
Event: 130.959 Loading class java/util/WeakHashMap$EntrySet
Event: 130.959 Loading class java/util/WeakHashMap$EntrySet done
Event: 130.960 Loading class java/util/WeakHashMap$EntryIterator
Event: 130.960 Loading class java/util/WeakHashMap$EntryIterator done
Event: 182.672 Loading class jdk/internal/loader/BootLoader$PackageHelper
Event: 182.672 Loading class jdk/internal/loader/BootLoader$PackageHelper done
Event: 182.673 Loading class java/security/AllPermissionCollection
Event: 182.673 Loading class java/security/AllPermissionCollection done
Event: 182.676 Loading class java/lang/invoke/WrongMethodTypeException
Event: 182.676 Loading class java/lang/invoke/WrongMethodTypeException done
Event: 182.676 Loading class jdk/internal/reflect/AccessorUtils
Event: 182.677 Loading class jdk/internal/reflect/AccessorUtils done

Classes unloaded (2 events):
Event: 132.547 Thread 0x000002060f830490 Unloading class 0x0000020611409800 'org/apache/catalina/loader/JdbcLeakPrevention'
Event: 182.464 Thread 0x000002060f830490 Unloading class 0x0000020611410800 'org/apache/catalina/loader/JdbcLeakPrevention'

Classes redefined (0 events):
No events

Internal exceptions (20 events):
Event: 130.790 Thread 0x0000020658319cb0 Exception <a 'sun/nio/fs/WindowsException'{0x00000007092f72b0}> (0x00000007092f72b0) 
thrown [s\open\src\hotspot\share\prims\jni.cpp, line 520]
Event: 130.964 Thread 0x0000020658319cb0 Exception <a 'java/lang/NoClassDefFoundError'{0x0000000707e34fb8}: org/flywaydb/core/Flyway> (0x0000000707e34fb8) 
thrown [s\open\src\hotspot\share\oops\constantPool.cpp, line 871]
Event: 130.964 Thread 0x0000020658319cb0 Exception <a 'java/lang/NoClassDefFoundError'{0x0000000707e35618}: liquibase/integration/spring/SpringLiquibase> (0x0000000707e35618) 
thrown [s\open\src\hotspot\share\oops\constantPool.cpp, line 871]
Event: 131.017 Thread 0x0000020658319cb0 Exception <a 'java/io/FileNotFoundException'{0x0000000707b61ed8}> (0x0000000707b61ed8) 
thrown [s\open\src\hotspot\share\prims\jni.cpp, line 520]
Event: 131.031 Thread 0x0000020658319cb0 Exception <a 'java/io/FileNotFoundException'{0x00000007078baaf8}> (0x00000007078baaf8) 
thrown [s\open\src\hotspot\share\prims\jni.cpp, line 520]
Event: 132.540 Thread 0x0000020658315b10 Exception <a 'java/lang/InterruptedException'{0x0000000708e2cff0}: sleep interrupted> (0x0000000708e2cff0) 
thrown [s\open\src\hotspot\share\prims\jvm.cpp, line 3074]
Event: 132.574 Thread 0x0000020656054fb0 Exception <a 'sun/nio/fs/WindowsException'{0x00000007092919d8}> (0x00000007092919d8) 
thrown [s\open\src\hotspot\share\prims\jni.cpp, line 520]
Event: 132.715 Thread 0x0000020656054fb0 Exception <a 'java/lang/NoClassDefFoundError'{0x000000070801d0a0}: org/flywaydb/core/Flyway> (0x000000070801d0a0) 
thrown [s\open\src\hotspot\share\oops\constantPool.cpp, line 871]
Event: 132.715 Thread 0x0000020656054fb0 Exception <a 'java/lang/NoClassDefFoundError'{0x000000070801d700}: liquibase/integration/spring/SpringLiquibase> (0x000000070801d700) 
thrown [s\open\src\hotspot\share\oops\constantPool.cpp, line 871]
Event: 132.767 Thread 0x0000020656054fb0 Exception <a 'java/io/FileNotFoundException'{0x0000000707d31b00}> (0x0000000707d31b00) 
thrown [s\open\src\hotspot\share\prims\jni.cpp, line 520]
Event: 132.786 Thread 0x0000020656054fb0 Exception <a 'java/io/FileNotFoundException'{0x0000000707a89588}> (0x0000000707a89588) 
thrown [s\open\src\hotspot\share\prims\jni.cpp, line 520]
Event: 182.458 Thread 0x00000206560569f0 Exception <a 'java/lang/InterruptedException'{0x00000007090c8900}: sleep interrupted> (0x00000007090c8900) 
thrown [s\open\src\hotspot\share\prims\jvm.cpp, line 3074]
Event: 182.485 Thread 0x0000020658314df0 Exception <a 'sun/nio/fs/WindowsException'{0x0000000709271378}> (0x0000000709271378) 
thrown [s\open\src\hotspot\share\prims\jni.cpp, line 520]
Event: 182.495 Thread 0x0000020658314df0 Implicit null exception at 0x0000020607cd6dc0 to 0x0000020607cd8084
Event: 182.496 Thread 0x0000020658314df0 Implicit null exception at 0x0000020607db4077 to 0x0000020607db412c
Event: 182.636 Thread 0x0000020658314df0 Exception <a 'java/lang/NoClassDefFoundError'{0x00000007080172c0}: jakarta/validation/ValidationException> (0x00000007080172c0) 
thrown [s\open\src\hotspot\share\classfile\systemDictionary.cpp, line 301]
Event: 182.643 Thread 0x0000020658314df0 Exception <a 'java/lang/NoClassDefFoundError'{0x0000000708035380}: liquibase/exception/ChangeLogParseException> (0x0000000708035380) 
thrown [s\open\src\hotspot\share\classfile\systemDictionary.cpp, line 301]
Event: 184.121 Thread 0x0000020658318270 Exception <a 'sun/nio/fs/WindowsException'{0x000000070815a6f8}> (0x000000070815a6f8) 
thrown [s\open\src\hotspot\share\prims\jni.cpp, line 520]
Event: 184.244 Thread 0x0000020658318270 Exception <a 'java/lang/NoClassDefFoundError'{0x0000000708cb34d0}: org/flywaydb/core/Flyway> (0x0000000708cb34d0) 
thrown [s\open\src\hotspot\share\oops\constantPool.cpp, line 871]
Event: 184.244 Thread 0x0000020658318270 Exception <a 'java/lang/NoClassDefFoundError'{0x0000000708cb3b30}: liquibase/integration/spring/SpringLiquibase> (0x0000000708cb3b30) 
thrown [s\open\src\hotspot\share\oops\constantPool.cpp, line 871]

ZGC Phase Switch (0 events):
No events

VM Operations (20 events):
Event: 132.540 Executing VM operation: G1CollectFull (System.gc())
Event: 132.569 Executing VM operation: G1CollectFull (System.gc()) done
Event: 132.858 Executing VM operation: G1CollectForAllocation (G1 Evacuation Pause)
Event: 132.859 Executing VM operation: G1CollectForAllocation (G1 Evacuation Pause) done
Event: 133.865 Executing VM operation: Cleanup
Event: 133.865 Executing VM operation: Cleanup done
Event: 142.921 Executing VM operation: Cleanup
Event: 142.921 Executing VM operation: Cleanup done
Event: 180.222 Executing VM operation: HandshakeAllThreads (HandshakeForDeflation)
Event: 180.222 Executing VM operation: HandshakeAllThreads (HandshakeForDeflation) done
Event: 180.222 Executing VM operation: RendezvousGCThreads
Event: 180.222 Executing VM operation: RendezvousGCThreads done
Event: 182.248 Executing VM operation: Cleanup
Event: 182.248 Executing VM operation: Cleanup done
Event: 182.458 Executing VM operation: G1CollectFull (System.gc())
Event: 182.480 Executing VM operation: G1CollectFull (System.gc()) done
Event: 183.482 Executing VM operation: Cleanup
Event: 183.482 Executing VM operation: Cleanup done
Event: 184.193 Executing VM operation: G1CollectForAllocation (G1 Evacuation Pause)
Event: 184.195 Executing VM operation: G1CollectForAllocation (G1 Evacuation Pause) done

Events (20 events):
Event: 182.500 Thread 0x00000206577ac860 Thread added: 0x00000206577ac860
Event: 182.501 Thread 0x000002065831a9d0 Thread added: 0x000002065831a9d0
Event: 182.508 Thread 0x000002065831a9d0 Thread exited: 0x000002065831a9d0
Event: 182.677 Thread 0x0000020658314df0 Thread exited: 0x0000020658314df0
Event: 182.678 Thread 0x00000206583161a0 Thread added: 0x00000206583161a0
Event: 184.117 Thread 0x0000020658318270 Thread added: 0x0000020658318270
Event: 184.119 Thread 0x00000206577ac860 Thread exited: 0x00000206577ac860
Event: 184.119 Thread 0x00000206577abac0 Thread exited: 0x00000206577abac0
Event: 184.119 Thread 0x00000206577aad20 Thread exited: 0x00000206577aad20
Event: 184.120 Thread 0x00000206577a9f80 Thread exited: 0x00000206577a9f80
Event: 184.120 Thread 0x00000206577ac190 Thread exited: 0x00000206577ac190
Event: 184.126 Thread 0x00000206577abac0 Thread added: 0x00000206577abac0
Event: 184.127 Thread 0x00000206577ac190 Thread added: 0x00000206577ac190
Event: 184.131 Thread 0x00000206577a98b0 Thread added: 0x00000206577a98b0
Event: 184.141 Thread 0x0000020658315b10 Thread added: 0x0000020658315b10
Event: 184.148 Thread 0x0000020658315b10 Thread exited: 0x0000020658315b10
Event: 184.184 Thread 0x00000206577ab3f0 Thread added: 0x00000206577ab3f0
Event: 184.195 Thread 0x00000206577ac860 Thread added: 0x00000206577ac860
Event: 184.250 Thread 0x00000206577a9f80 Thread added: 0x00000206577a9f80
Event: 184.250 Thread 0x00000206577aad20 Thread added: 0x00000206577aad20


Dynamic libraries:
0x00007ff7c73a0000 - 0x00007ff7c73b0000 	C:\Program Files\Java\jdk-21\bin\java.exe
0x00007ffcb8c10000 - 0x00007ffcb8e26000 	C:\windows\SYSTEM32\ntdll.dll
0x00007ffcb7420000 - 0x00007ffcb74e4000 	C:\windows\System32\KERNEL32.DLL
0x00007ffcb6470000 - 0x00007ffcb6816000 	C:\windows\System32\KERNELBASE.dll
0x00007ffcb5fc0000 - 0x00007ffcb60d1000 	C:\windows\System32\ucrtbase.dll
0x00007ffc98380000 - 0x00007ffc98399000 	C:\Program Files\Java\jdk-21\bin\jli.dll
0x00007ffc98360000 - 0x00007ffc9837b000 	C:\Program Files\Java\jdk-21\bin\VCRUNTIME140.dll
0x00007ffcb7550000 - 0x00007ffcb7602000 	C:\windows\System32\ADVAPI32.dll
0x00007ffcb80a0000 - 0x00007ffcb8147000 	C:\windows\System32\msvcrt.dll
0x00007ffcb6ac0000 - 0x00007ffcb6b68000 	C:\windows\System32\sechost.dll
0x00007ffcb6320000 - 0x00007ffcb6348000 	C:\windows\System32\bcrypt.dll
0x00007ffcb81f0000 - 0x00007ffcb8305000 	C:\windows\System32\RPCRT4.dll
0x00007ffcb8a10000 - 0x00007ffcb8bbd000 	C:\windows\System32\USER32.dll
0x00007ffcb6250000 - 0x00007ffcb6276000 	C:\windows\System32\win32u.dll
0x00007ffcb7320000 - 0x00007ffcb7349000 	C:\windows\System32\GDI32.dll
0x00007ffcb6350000 - 0x00007ffcb6468000 	C:\windows\System32\gdi32full.dll
0x00007ffcb6280000 - 0x00007ffcb631a000 	C:\windows\System32\msvcp_win.dll
0x00007ffc8f400000 - 0x00007ffc8f693000 	C:\windows\WinSxS\amd64_microsoft.windows.common-controls_6595b64144ccf1df_6.0.22621.3235_none_270f74e173860f98\COMCTL32.dll
0x00007ffca9530000 - 0x00007ffca953a000 	C:\windows\SYSTEM32\VERSION.dll
0x00007ffcb6ea0000 - 0x00007ffcb6ed1000 	C:\windows\System32\IMM32.DLL
0x00007ffc98350000 - 0x00007ffc9835c000 	C:\Program Files\Java\jdk-21\bin\vcruntime140_1.dll
0x00007ffc95b80000 - 0x00007ffc95c0e000 	C:\Program Files\Java\jdk-21\bin\msvcp140.dll
0x00007ffc3c2f0000 - 0x00007ffc3d005000 	C:\Program Files\Java\jdk-21\bin\server\jvm.dll
0x00007ffcb8150000 - 0x00007ffcb81c1000 	C:\windows\System32\WS2_32.dll
0x00007ffcb5d70000 - 0x00007ffcb5dbd000 	C:\windows\SYSTEM32\POWRPROF.dll
0x00007ffcaebb0000 - 0x00007ffcaebe4000 	C:\windows\SYSTEM32\WINMM.dll
0x00007ffcb5c50000 - 0x00007ffcb5c63000 	C:\windows\SYSTEM32\UMPDC.dll
0x00007ffcb4f90000 - 0x00007ffcb4fa8000 	C:\windows\SYSTEM32\kernel.appcore.dll
0x00007ffc977b0000 - 0x00007ffc977ba000 	C:\Program Files\Java\jdk-21\bin\jimage.dll
0x00007ffcb3830000 - 0x00007ffcb3a63000 	C:\windows\SYSTEM32\DBGHELP.DLL
0x00007ffcb6f90000 - 0x00007ffcb7318000 	C:\windows\System32\combase.dll
0x00007ffcb8930000 - 0x00007ffcb8a07000 	C:\windows\System32\OLEAUT32.dll
0x00007ffc96fa0000 - 0x00007ffc96fd2000 	C:\windows\SYSTEM32\dbgcore.DLL
0x00007ffcb68e0000 - 0x00007ffcb695a000 	C:\windows\System32\bcryptPrimitives.dll
0x00007ffcb1430000 - 0x00007ffcb143f000 	C:\Program Files\Java\jdk-21\bin\instrument.dll
0x00007ffc95df0000 - 0x00007ffc95e0f000 	C:\Program Files\Java\jdk-21\bin\java.dll
0x00007ffcb7610000 - 0x00007ffcb7e6d000 	C:\windows\System32\SHELL32.dll
0x00007ffcb3e60000 - 0x00007ffcb4758000 	C:\windows\SYSTEM32\windows.storage.dll
0x00007ffcb3d20000 - 0x00007ffcb3e5e000 	C:\windows\SYSTEM32\wintypes.dll
0x00007ffcb69c0000 - 0x00007ffcb6ab3000 	C:\windows\System32\SHCORE.dll
0x00007ffcb7e80000 - 0x00007ffcb7ede000 	C:\windows\System32\shlwapi.dll
0x00007ffcb5e80000 - 0x00007ffcb5ea6000 	C:\windows\SYSTEM32\profapi.dll
0x00007ffc95960000 - 0x00007ffc95a37000 	C:\Program Files\Java\jdk-21\bin\jsvml.dll
0x00007ffc95d80000 - 0x00007ffc95d98000 	C:\Program Files\Java\jdk-21\bin\zip.dll
0x00007ffc977a0000 - 0x00007ffc977b0000 	C:\Program Files\Java\jdk-21\bin\net.dll
0x00007ffcb0210000 - 0x00007ffcb0347000 	C:\windows\SYSTEM32\WINHTTP.dll
0x00007ffcb5410000 - 0x00007ffcb5479000 	C:\windows\system32\mswsock.dll
0x00007ffc95dd0000 - 0x00007ffc95de6000 	C:\Program Files\Java\jdk-21\bin\nio.dll
0x00007ffc95d00000 - 0x00007ffc95d1a000 	C:\Program Files\JetBrains\IntelliJ IDEA Community Edition 2023.2.3\bin\breakgen64.dll
0x00007ffc97690000 - 0x00007ffc97697000 	C:\Program Files\Java\jdk-21\bin\extnet.dll
0x00007ffc95d40000 - 0x00007ffc95d4a000 	C:\Program Files\Java\jdk-21\bin\management.dll
0x00007ffc95d20000 - 0x00007ffc95d2b000 	C:\Program Files\Java\jdk-21\bin\management_ext.dll
0x00007ffcb6b70000 - 0x00007ffcb6b78000 	C:\windows\System32\PSAPI.DLL
0x00007ffc97640000 - 0x00007ffc97650000 	C:\Program Files\Java\jdk-21\bin\verify.dll
0x00007ffc95dc0000 - 0x00007ffc95dce000 	C:\Program Files\Java\jdk-21\bin\sunmscapi.dll
0x00007ffcb60e0000 - 0x00007ffcb6246000 	C:\windows\System32\CRYPT32.dll
0x00007ffcb5800000 - 0x00007ffcb582e000 	C:\windows\SYSTEM32\ncrypt.dll
0x00007ffcb57c0000 - 0x00007ffcb57f7000 	C:\windows\SYSTEM32\NTASN1.dll
0x00007ffcb5670000 - 0x00007ffcb568b000 	C:\windows\SYSTEM32\CRYPTSP.dll
0x00007ffcb4ef0000 - 0x00007ffcb4f25000 	C:\windows\system32\rsaenh.dll
0x00007ffcb5500000 - 0x00007ffcb552c000 	C:\windows\SYSTEM32\USERENV.dll
0x00007ffcb5660000 - 0x00007ffcb566c000 	C:\windows\SYSTEM32\CRYPTBASE.dll
0x00007ffcb49d0000 - 0x00007ffcb49fd000 	C:\windows\SYSTEM32\IPHLPAPI.DLL
0x00007ffcb6e00000 - 0x00007ffcb6e09000 	C:\windows\System32\NSI.dll
0x00007ffc888b0000 - 0x00007ffc888b8000 	C:\windows\system32\wshunix.dll

dbghelp: loaded successfully - version: 4.0.5 - missing functions: none
symbol engine: initialized successfully - sym options: 0x614 - pdb path: .;C:\Program Files\Java\jdk-21\bin;C:\windows\SYSTEM32;C:\windows\WinSxS\amd64_microsoft.windows.common-controls_6595b64144ccf1df_6.0.22621.3235_none_270f74e173860f98;C:\Program Files\Java\jdk-21\bin\server;C:\Program Files\JetBrains\IntelliJ IDEA Community Edition 2023.2.3\bin

VM Arguments:
jvm_args: -javaagent:C:\Program Files\JetBrains\IntelliJ IDEA Community Edition 2023.2.3\lib\idea_rt.jar=54954:C:\Program Files\JetBrains\IntelliJ IDEA Community Edition 2023.2.3\bin -Dfile.encoding=UTF-8 -Dsun.stdout.encoding=UTF-8 -Dsun.stderr.encoding=UTF-8 
java_command: com.retailbusiness.retail.business.RetailBusinessApplication
java_class_path (initial): D:\JavaPractice\retail business\retail-business\target\classes;C:\Users\chait\.m2\repository\org\springframework\boot\spring-boot-starter-data-jdbc\3.2.4\spring-boot-starter-data-jdbc-3.2.4.jar;C:\Users\chait\.m2\repository\org\springframework\boot\spring-boot-starter-jdbc\3.2.4\spring-boot-starter-jdbc-3.2.4.jar;C:\Users\chait\.m2\repository\com\zaxxer\HikariCP\5.0.1\HikariCP-5.0.1.jar;C:\Users\chait\.m2\repository\org\springframework\spring-jdbc\6.1.5\spring-jdbc-6.1.5.jar;C:\Users\chait\.m2\repository\org\springframework\data\spring-data-jdbc\3.2.4\spring-data-jdbc-3.2.4.jar;C:\Users\chait\.m2\repository\org\springframework\data\spring-data-relational\3.2.4\spring-data-relational-3.2.4.jar;C:\Users\chait\.m2\repository\com\github\jsqlparser\jsqlparser\4.6\jsqlparser-4.6.jar;C:\Users\chait\.m2\repository\org\springframework\data\spring-data-commons\3.2.4\spring-data-commons-3.2.4.jar;C:\Users\chait\.m2\repository\org\springframework\spring-tx\6.1.5\spring-tx-6.1.5.jar;C:\Users\chait\.m2\repository\org\springframework\spring-context\6.1.5\spring-context-6.1.5.jar;C:\Users\chait\.m2\repository\org\springframework\spring-beans\6.1.5\spring-beans-6.1.5.jar;C:\Users\chait\.m2\repository\org\slf4j\slf4j-api\2.0.12\slf4j-api-2.0.12.jar;C:\Users\chait\.m2\repository\org\springframework\boot\spring-boot-starter-data-jpa\3.2.4\spring-boot-starter-data-jpa-3.2.4.jar;C:\Users\chait\.m2\repository\org\springframework\boot\spring-boot-starter-aop\3.2.4\spring-boot-starter-aop-3.2.4.jar;C:\Users\chait\.m2\repository\org\springframework\spring-aop\6.1.5\spring-aop-6.1.5.jar;C:\Users\chait\.m2\repository\org\aspectj\aspectjweaver\1.9.21\aspectjweaver-1.9.21.jar;C:\Users\chait\.m2\repository\org\hibernate\orm\hibernate-core\6.4.4.Final\hibernate-core-6.4.4.Final.jar;C:\Users\chait\.m2\repository\jakarta\persistence\jakarta.persistence-api\3.1.0\jakarta.persistence-api-3.1.0.jar;C:\Users\chait\.m2\repository\jakarta\transaction\jakarta.transaction-api\2.0.1\jakarta.transaction-api-2.0.1.jar;C:\Users\chait\.m2\repository\org\jboss\logging\jboss-logging\3.5.3.Final\jboss-logging-3.5.3.Final.jar;C:\Users\chait\.m2\repository\org\hibernate\common\hibernate-commons-annotations\6.0.6.Final\hibernate-commons-annotations-6.0.6.Final.jar;C:\Users\chait\.m2\repository\io\smallrye\jandex\3.1.2\jandex-3.1.2.jar;C:\Users\chait\.m2\repository\com\fasterxml\classmate\1.6.0\classmate-1.6.0.jar;C:\Users\chait\.m2\repository\net\bytebuddy\byte-buddy\1.14.12\byte-buddy-1.14.12.jar;C:\Users\chait\.m2\repository\org\glassfish\jaxb\jaxb-runtime\4.0.5\jaxb-runtime-4.0.5.jar;C:\Users\chait\.m2\repository\org\glassfish\jaxb\jaxb-core\4.0.5\jaxb-core-4.0.5.jar;C:\Users\chait\.m2\repository\org\eclipse\angus\angus-activation\2.0.2\angus-activation-2.0.2.jar;C:\Users\chait\.m2\repository\org\glassfish\jaxb\txw2\4.0.5\txw2-4.0.5.jar;C:\Users\chait\.m2\repository\com\sun\istack\istack-commons-runtime\4.1.2\istack-commons-runtime-4.1.2.jar;C:\Users\chait\.m2\repository\jakarta\inject\jakarta.inject-api\2.0.1\jakarta.inject-api-2.0.1.jar;C:\Users\chait\.m2\repository\org\antlr\antlr4-runtime\4.13.0\antlr4-runtime-4.13.0.jar;C:\Users\chait\.m2\repository\org\springframework\data\spring-data-jpa\3.2.4\spring-data-jpa-3.2.4.jar;C:\Users\chait\.m2\repository\org\springframework\spring-orm\6.1.5\spring-orm-6.1.5.jar;C:\Users\chait\.m2\repository\jakarta\annotation\jakarta.annotation-api\2.1.1\jakarta.annotation-api-2.1.1.jar;C:\Users\chait\.m2\repository\org\springframework\spring-aspects\6.1.5\spring-aspects-6.1.5.jar;C:\Users\chait\.m2\repository\org\springframework\boot\spring-boot-starter-web\3.2.4\spring-boot-starter-web-3.2.4.jar;C:\Users\chait\.m2\repository\org\springframework\boot\spring-boot-starter\3.2.4\spring-boot-starter-3.2.4.jar;C:\Users\chait\.m2\repository\org\springframework\boot\spring-boot-starter-logging\3.2.4\spring-boot-starter-logging-3.2.4.jar;C:\Users\chait\.m2\repository\ch\qos\logback\logback-classic\1.4.14\logback-classic-1.4.14.jar;C:\Users\chait\.m2\repository\ch\qos\logback\logback-core\1.4.14\logback-core-1.4.14.jar;C:\Users\chait\.m2\repository\org\apache\logging\log4j\log4j-to-slf4j\2.21.1\log4j-to-slf4j-2.21.1.jar;C:\Users\chait\.m2\repository\org\apache\logging\log4j\log4j-api\2.21.1\log4j-api-2.21.1.jar;C:\Users\chait\.m2\repository\org\slf4j\jul-to-slf4j\2.0.12\jul-to-slf4j-2.0.12.jar;C:\Users\chait\.m2\repository\org\yaml\snakeyaml\2.2\snakeyaml-2.2.jar;C:\Users\chait\.m2\repository\org\springframework\boot\spring-boot-starter-json\3.2.4\spring-boot-starter-json-3.2.4.jar;C:\Users\chait\.m2\repository\com\fasterxml\jackson\core\jackson-databind\2.15.4\jackson-databind-2.15.4.jar;C:\Users\chait\.m2\repository\com\fasterxml\jackson\core\jackson-annotations\2.15.4\jackson-annotations-2.15.4.jar;C:\Users\chait\.m2\repository\com\fasterxml\jackson\core\jackson-core\2.15.4\jackson-core-2.15.4.jar;C:\Users\chait\.m2\repository\com\fasterxml\jackson\datatype\jackson-datatype-jdk8\2.15.4\jackson-datatype-jdk8-2.15.4.jar;C:\Users\chait\.m2\repository\com\fasterxml\jackson\datatype\jackson-datatype-jsr310\2.15.4\jackson-datatype-jsr310-2.15.4.jar;C:\Users\chait\.m2\repository\com\fasterxml\jackson\module\jackson-module-parameter-names\2.15.4\jackson-module-parameter-names-2.15.4.jar;C:\Users\chait\.m2\repository\org\springframework\boot\spring-boot-starter-tomcat\3.2.4\spring-boot-starter-tomcat-3.2.4.jar;C:\Users\chait\.m2\repository\org\apache\tomcat\embed\tomcat-embed-core\10.1.19\tomcat-embed-core-10.1.19.jar;C:\Users\chait\.m2\repository\org\apache\tomcat\embed\tomcat-embed-el\10.1.19\tomcat-embed-el-10.1.19.jar;C:\Users\chait\.m2\repository\org\apache\tomcat\embed\tomcat-embed-websocket\10.1.19\tomcat-embed-websocket-10.1.19.jar;C:\Users\chait\.m2\repository\org\springframework\spring-web\6.1.5\spring-web-6.1.5.jar;C:\Users\chait\.m2\repository\io\micrometer\micrometer-observation\1.12.4\micrometer-observation-1.12.4.jar;C:\Users\chait\.m2\repository\io\micrometer\micrometer-commons\1.12.4\micrometer-commons-1.12.4.jar;C:\Users\chait\.m2\repository\org\springframework\spring-webmvc\6.1.5\spring-webmvc-6.1.5.jar;C:\Users\chait\.m2\repository\org\springframework\spring-expression\6.1.5\spring-expression-6.1.5.jar;C:\Users\chait\.m2\repository\jakarta\xml\bind\jakarta.xml.bind-api\4.0.2\jakarta.xml.bind-api-4.0.2.jar;C:\Users\chait\.m2\repository\jakarta\activation\jakarta.activation-api\2.1.3\jakarta.activation-api-2.1.3.jar;C:\Users\chait\.m2\repository\org\springframework\spring-core\6.1.5\spring-core-6.1.5.jar;C:\Users\chait\.m2\repository\org\springframework\spring-jcl\6.1.5\spring-jcl-6.1.5.jar;C:\Users\chait\.m2\repository\org\apache\maven\plugins\maven-jar-plugin\3.3.0\maven-jar-plugin-3.3.0.jar;C:\Users\chait\.m2\repository\org\apache\maven\shared\file-management\3.1.0\file-management-3.1.0.jar;C:\Users\chait\.m2\repository\commons-io\commons-io\2.11.0\commons-io-2.11.0.jar;C:\Users\chait\.m2\repository\org\apache\maven\maven-archiver\3.6.0\maven-archiver-3.6.0.jar;C:\Users\chait\.m2\repository\org\codehaus\plexus\plexus-io\3.4.0\plexus-io-3.4.0.jar;C:\Users\chait\.m2\repository\javax\inject\javax.inject\1\javax.inject-1.jar;C:\Users\chait\.m2\repository\org\codehaus\plexus\plexus-archiver\4.4.0\plexus-archiver-4.4.0.jar;C:\Users\chait\.m2\repository\org\apache\commons\commons-compress\1.21\commons-compress-1.21.jar;C:\Users\chait\.m2\repository\org\iq80\snappy\snappy\0.4\snappy-0.4.jar;C:\Users\chait\.m2\repository\org\tukaani\xz\1.9\xz-1.9.jar;C:\Users\chait\.m2\repository\org\codehaus\plexus\plexus-interpolation\1.26\plexus-interpolation-1.26.jar;C:\Users\chait\.m2\repository\org\codehaus\plexus\plexus-utils\3.4.2\plexus-utils-3.4.2.jar;C:\Users\chait\.m2\repository\org\springframework\boot\spring-boot-devtools\3.2.4\spring-boot-devtools-3.2.4.jar;C:\Users\chait\.m2\repository\org\springframework\boot\spring-boot\3.2.4\spring-boot-3.2.4.jar;C:\Users\chait\.m2\repository\org\springframework\boot\spring-boot-autoconfigure\3.2.4\spring-boot-autoconfigure-3.2.4.jar;C:\Users\chait\.m2\repository\com\mysql\mysql-connector-j\8.3.0\mysql-connector-j-8.3.0.jar;C:\Users\chait\.m2\repository\org\projectlombok\lombok\1.18.30\lombok-1.18.30.jar
Launcher Type: SUN_STANDARD

[Global flags]
     intx CICompilerCount                          = 12                                        {product} {ergonomic}
     uint ConcGCThreads                            = 3                                         {product} {ergonomic}
     uint G1ConcRefinementThreads                  = 13                                        {product} {ergonomic}
   size_t G1HeapRegionSize                         = 2097152                                   {product} {ergonomic}
    uintx GCDrainStackTargetSize                   = 64                                        {product} {ergonomic}
   size_t InitialHeapSize                          = 264241152                                 {product} {ergonomic}
   size_t MarkStackSize                            = 4194304                                   {product} {ergonomic}
   size_t MaxHeapSize                              = 4202692608                                {product} {ergonomic}
   size_t MaxNewSize                               = 2520776704                                {product} {ergonomic}
   size_t MinHeapDeltaBytes                        = 2097152                                   {product} {ergonomic}
   size_t MinHeapSize                              = 8388608                                   {product} {ergonomic}
    uintx NonNMethodCodeHeapSize                   = 7602480                                {pd product} {ergonomic}
    uintx NonProfiledCodeHeapSize                  = 122027880                              {pd product} {ergonomic}
    uintx ProfiledCodeHeapSize                     = 122027880                              {pd product} {ergonomic}
    uintx ReservedCodeCacheSize                    = 251658240                              {pd product} {ergonomic}
     bool SegmentedCodeCache                       = true                                      {product} {ergonomic}
   size_t SoftMaxHeapSize                          = 4202692608                             {manageable} {ergonomic}
     bool UseCompressedOops                        = true                           {product lp64_product} {ergonomic}
     bool UseG1GC                                  = true                                      {product} {ergonomic}
     bool UseLargePagesIndividualAllocation        = false                                  {pd product} {ergonomic}

Logging:
Log output configuration:
 #0: stdout all=warning uptime,level,tags foldmultilines=false
 #1: stderr all=off uptime,level,tags foldmultilines=false

Environment Variables:
PATH=D:\Scripts\;D:\;C:\Program Files (x86)\VMware\VMware Player\bin\;C:\Program Files\Common Files\Oracle\Java\javapath;C:\windows\system32;C:\windows;C:\windows\System32\Wbem;C:\windows\System32\WindowsPowerShell\v1.0\;C:\windows\System32\OpenSSH\;C:\Program Files\Java\jdk-21\bin;C:\kafka_2.12-3.6.0\bin\windows;C:\Program Files\nodejs\;C:\Program Files\HP\HP One Agent;C:\Program Files\Git\cmd;C:\Users\chait\AppData\Local\Microsoft\WindowsApps;C:\Program Files\JetBrains\IntelliJ IDEA Community Edition 2023.2.3\bin;;C:\kafka_2.12-3.6.0\bin\windows;C:\Users\chait\AppData\Roaming\npm
USERNAME=chait
OS=Windows_NT
PROCESSOR_IDENTIFIER=Intel64 Family 6 Model 186 Stepping 2, GenuineIntel
TMP=C:\Users\chait\AppData\Local\Temp
TEMP=C:\Users\chait\AppData\Local\Temp




Periodic native trim disabled

---------------  S Y S T E M  ---------------

OS:
 Windows 11 , 64 bit Build 22621 (10.0.22621.3235)
OS uptime: 6 days 13:41 hours
Hyper-V role detected

CPU: total 16 (initial active 16) (8 cores per cpu, 2 threads per core) family 6 model 186 stepping 2 microcode 0x4114, cx8, cmov, fxsr, ht, mmx, 3dnowpref, sse, sse2, sse3, ssse3, sse4.1, sse4.2, popcnt, lzcnt, tsc, tscinvbit, avx, avx2, aes, erms, clmul, bmi1, bmi2, adx, sha, fma, vzeroupper, clflush, clflushopt, clwb, hv, serialize, rdtscp, rdpid, fsrm, f16c, cet_ibt, cet_ss
Processor Information for processor 0
  Max Mhz: 1900, Current Mhz: 1900, Mhz Limit: 1900
Processor Information for processor 1
  Max Mhz: 1900, Current Mhz: 1900, Mhz Limit: 1900
Processor Information for processor 2
  Max Mhz: 1900, Current Mhz: 1900, Mhz Limit: 1900
Processor Information for processor 3
  Max Mhz: 1900, Current Mhz: 1900, Mhz Limit: 1900
Processor Information for processor 4
  Max Mhz: 1900, Current Mhz: 1900, Mhz Limit: 1900
Processor Information for processor 5
  Max Mhz: 1900, Current Mhz: 1900, Mhz Limit: 1900
Processor Information for processor 6
  Max Mhz: 1900, Current Mhz: 1900, Mhz Limit: 1900
Processor Information for processor 7
  Max Mhz: 1900, Current Mhz: 1900, Mhz Limit: 1900
Processor Information for processor 8
  Max Mhz: 1900, Current Mhz: 1400, Mhz Limit: 1387
Processor Information for processor 9
  Max Mhz: 1900, Current Mhz: 1400, Mhz Limit: 1387
Processor Information for processor 10
  Max Mhz: 1900, Current Mhz: 1400, Mhz Limit: 1387
Processor Information for processor 11
  Max Mhz: 1900, Current Mhz: 1400, Mhz Limit: 1387
Processor Information for processor 12
  Max Mhz: 1900, Current Mhz: 1400, Mhz Limit: 1387
Processor Information for processor 13
  Max Mhz: 1900, Current Mhz: 1400, Mhz Limit: 1387
Processor Information for processor 14
  Max Mhz: 1900, Current Mhz: 1400, Mhz Limit: 1387
Processor Information for processor 15
  Max Mhz: 1900, Current Mhz: 1400, Mhz Limit: 1387

Memory: 4k page, system-wide physical 16024M (2685M free)
TotalPageFile size 23506M (AvailPageFile size 5M)
current process WorkingSet (physical memory assigned to process): 203M, peak: 258M
current process commit charge ("private bytes"): 252M, peak: 422M

vm_info: Java HotSpot(TM) 64-Bit Server VM (21.0.1+12-LTS-29) for windows-amd64 JRE (21.0.1+12-LTS-29), built on 2023-10-05T13:27:09Z by "mach5one" with MS VC++ 17.1 (VS2022)

END.
